mode: set
example.com/m/controllers/discovery.go:19.53,21.16 2 0
example.com/m/controllers/discovery.go:28.2,28.40 1 0
example.com/m/controllers/discovery.go:21.16,24.17 3 0
example.com/m/controllers/discovery.go:24.17,26.4 1 0
example.com/m/controllers/discovery.go:32.86,34.16 2 0
example.com/m/controllers/discovery.go:38.2,40.30 2 0
example.com/m/controllers/discovery.go:34.16,36.3 1 0
example.com/m/controllers/discovery.go:46.37,47.48 1 0
example.com/m/controllers/discovery.go:50.2,50.101 1 0
example.com/m/controllers/discovery.go:56.2,56.16 1 0
example.com/m/controllers/discovery.go:47.48,49.3 1 0
example.com/m/controllers/discovery.go:50.101,51.57 1 0
example.com/m/controllers/discovery.go:54.3,54.17 1 0
example.com/m/controllers/discovery.go:51.57,53.4 1 0
example.com/m/controllers/get_events.go:30.124,42.2 2 0
example.com/m/controllers/get_events.go:45.28,46.6 1 0
example.com/m/controllers/get_events.go:46.6,47.10 1 0
example.com/m/controllers/get_events.go:53.3,53.24 1 0
example.com/m/controllers/get_events.go:48.23,49.10 1 0
example.com/m/controllers/get_events.go:50.11,50.11 0 0
example.com/m/controllers/get_events.go:58.42,59.52 1 0
example.com/m/controllers/get_events.go:59.52,61.3 1 0
example.com/m/controllers/get_events.go:61.8,63.3 1 0
example.com/m/controllers/pubsublistener_controller.go:77.106,82.72 3 0
example.com/m/controllers/pubsublistener_controller.go:87.2,92.33 3 0
example.com/m/controllers/pubsublistener_controller.go:99.2,99.27 1 0
example.com/m/controllers/pubsublistener_controller.go:105.2,105.64 1 0
example.com/m/controllers/pubsublistener_controller.go:111.2,111.72 1 0
example.com/m/controllers/pubsublistener_controller.go:119.2,121.57 3 0
example.com/m/controllers/pubsublistener_controller.go:135.2,136.43 2 0
example.com/m/controllers/pubsublistener_controller.go:141.2,144.16 3 0
example.com/m/controllers/pubsublistener_controller.go:147.2,148.16 2 0
example.com/m/controllers/pubsublistener_controller.go:153.2,154.121 2 0
example.com/m/controllers/pubsublistener_controller.go:164.2,164.59 1 0
example.com/m/controllers/pubsublistener_controller.go:171.2,171.27 1 0
example.com/m/controllers/pubsublistener_controller.go:82.72,85.3 2 0
example.com/m/controllers/pubsublistener_controller.go:92.33,93.28 1 0
example.com/m/controllers/pubsublistener_controller.go:93.28,95.4 1 0
example.com/m/controllers/pubsublistener_controller.go:95.9,95.56 1 0
example.com/m/controllers/pubsublistener_controller.go:95.56,97.4 1 0
example.com/m/controllers/pubsublistener_controller.go:99.27,101.3 1 0
example.com/m/controllers/pubsublistener_controller.go:101.8,103.3 1 0
example.com/m/controllers/pubsublistener_controller.go:105.64,108.3 2 0
example.com/m/controllers/pubsublistener_controller.go:111.72,114.3 2 0
example.com/m/controllers/pubsublistener_controller.go:121.57,128.54 4 0
example.com/m/controllers/pubsublistener_controller.go:128.54,129.75 1 0
example.com/m/controllers/pubsublistener_controller.go:132.4,132.9 1 0
example.com/m/controllers/pubsublistener_controller.go:129.75,131.5 1 0
example.com/m/controllers/pubsublistener_controller.go:136.43,138.3 1 0
example.com/m/controllers/pubsublistener_controller.go:138.8,140.3 1 0
example.com/m/controllers/pubsublistener_controller.go:144.16,145.13 1 0
example.com/m/controllers/pubsublistener_controller.go:148.16,149.13 1 0
example.com/m/controllers/pubsublistener_controller.go:154.121,158.18 2 0
example.com/m/controllers/pubsublistener_controller.go:161.3,161.39 1 0
example.com/m/controllers/pubsublistener_controller.go:158.18,159.14 1 0
example.com/m/controllers/pubsublistener_controller.go:164.59,166.17 2 0
example.com/m/controllers/pubsublistener_controller.go:166.17,168.4 1 0
example.com/m/controllers/pubsublistener_controller.go:174.141,176.25 2 0
example.com/m/controllers/pubsublistener_controller.go:179.2,306.16 12 0
example.com/m/controllers/pubsublistener_controller.go:310.2,311.12 2 0
example.com/m/controllers/pubsublistener_controller.go:176.25,178.3 1 0
example.com/m/controllers/pubsublistener_controller.go:306.16,309.3 2 0
example.com/m/controllers/pubsublistener_controller.go:314.56,315.22 1 0
example.com/m/controllers/pubsublistener_controller.go:321.2,321.14 1 0
example.com/m/controllers/pubsublistener_controller.go:315.22,316.16 1 0
example.com/m/controllers/pubsublistener_controller.go:316.16,318.4 1 0
example.com/m/controllers/pubsublistener_controller.go:325.77,329.2 1 0
