mode: set
example.com/m/controllers/discovery.go:19.53,21.16 2 0
example.com/m/controllers/discovery.go:28.2,28.40 1 0
example.com/m/controllers/discovery.go:21.16,24.17 3 0
example.com/m/controllers/discovery.go:24.17,26.4 1 0
example.com/m/controllers/discovery.go:32.86,34.16 2 0
example.com/m/controllers/discovery.go:38.2,40.30 2 0
example.com/m/controllers/discovery.go:34.16,36.3 1 0
example.com/m/controllers/discovery.go:46.37,47.48 1 0
example.com/m/controllers/discovery.go:50.2,50.101 1 0
example.com/m/controllers/discovery.go:56.2,56.16 1 0
example.com/m/controllers/discovery.go:47.48,49.3 1 0
example.com/m/controllers/discovery.go:50.101,51.57 1 0
example.com/m/controllers/discovery.go:54.3,54.17 1 0
example.com/m/controllers/discovery.go:51.57,53.4 1 0
example.com/m/controllers/get_events.go:30.124,42.2 2 0
example.com/m/controllers/get_events.go:45.28,46.6 1 0
example.com/m/controllers/get_events.go:46.6,47.10 1 0
example.com/m/controllers/get_events.go:53.3,53.24 1 0
example.com/m/controllers/get_events.go:48.23,49.10 1 0
example.com/m/controllers/get_events.go:50.11,50.11 0 0
example.com/m/controllers/get_events.go:58.42,59.52 1 0
example.com/m/controllers/get_events.go:59.52,61.3 1 0
example.com/m/controllers/get_events.go:61.8,63.3 1 0
example.com/m/controllers/pubsublistener_controller.go:72.106,77.72 3 0
example.com/m/controllers/pubsublistener_controller.go:82.2,87.33 3 0
example.com/m/controllers/pubsublistener_controller.go:94.2,94.27 1 0
example.com/m/controllers/pubsublistener_controller.go:100.2,100.64 1 0
example.com/m/controllers/pubsublistener_controller.go:106.2,106.72 1 0
example.com/m/controllers/pubsublistener_controller.go:114.2,116.57 3 0
example.com/m/controllers/pubsublistener_controller.go:131.2,131.59 1 0
example.com/m/controllers/pubsublistener_controller.go:138.2,138.27 1 0
example.com/m/controllers/pubsublistener_controller.go:77.72,80.3 2 0
example.com/m/controllers/pubsublistener_controller.go:87.33,88.28 1 0
example.com/m/controllers/pubsublistener_controller.go:88.28,90.4 1 0
example.com/m/controllers/pubsublistener_controller.go:90.9,90.56 1 0
example.com/m/controllers/pubsublistener_controller.go:90.56,92.4 1 0
example.com/m/controllers/pubsublistener_controller.go:94.27,96.3 1 0
example.com/m/controllers/pubsublistener_controller.go:96.8,98.3 1 0
example.com/m/controllers/pubsublistener_controller.go:100.64,103.3 2 0
example.com/m/controllers/pubsublistener_controller.go:106.72,109.3 2 0
example.com/m/controllers/pubsublistener_controller.go:116.57,123.54 4 0
example.com/m/controllers/pubsublistener_controller.go:123.54,124.75 1 0
example.com/m/controllers/pubsublistener_controller.go:127.4,127.9 1 0
example.com/m/controllers/pubsublistener_controller.go:124.75,126.5 1 0
example.com/m/controllers/pubsublistener_controller.go:131.59,133.17 2 0
example.com/m/controllers/pubsublistener_controller.go:133.17,135.4 1 0
example.com/m/controllers/pubsublistener_controller.go:141.141,143.25 2 0
example.com/m/controllers/pubsublistener_controller.go:146.2,273.16 12 0
example.com/m/controllers/pubsublistener_controller.go:277.2,278.12 2 0
example.com/m/controllers/pubsublistener_controller.go:143.25,145.3 1 0
example.com/m/controllers/pubsublistener_controller.go:273.16,276.3 2 0
example.com/m/controllers/pubsublistener_controller.go:281.56,282.22 1 0
example.com/m/controllers/pubsublistener_controller.go:288.2,288.14 1 0
example.com/m/controllers/pubsublistener_controller.go:282.22,283.16 1 0
example.com/m/controllers/pubsublistener_controller.go:283.16,285.4 1 0
example.com/m/controllers/pubsublistener_controller.go:292.77,296.2 1 0
